Fri 05:34: PROGRESS: MaxCompiler version: 2015.1.1 (simulation only)
Fri 05:34: PROGRESS: Build "Perceptron" start time: Fri Jan 29 05:34:24 PST 2016
Fri 05:34: PROGRESS: Main build process running as user demo on host localhost.localdomain
Fri 05:34: INFO    : Loading build properties from bundled MaxCompiler_build.conf...
Fri 05:34: INFO    : No default external build property file has been specified.
Fri 05:34: INFO    : (Set environment variable MAXCOMPILER_DEFAULT_CONF_FILE to assign one)
Fri 05:34: INFO    : Loading user build properties from: /home/demo/.MaxCompiler_build_user.conf
Fri 05:34: INFO    : No user-specified external build property file has been specified.
Fri 05:34: INFO    : (Set environment variable MAXCOMPILER_BUILD_CONF_FILE to assign one)
Fri 05:34: INFO    : Loading additional parameters from MAXCOMPILER_BUILD_CONF environment variable
Fri 05:34: PROGRESS: Build location: /home/demo/Desktop/MaxCompiler-Builds/Perceptron_VECTIS_DFE_SIM
Fri 05:34: PROGRESS: Detailed build log available in "_build.log"
Fri 05:34: INFO    : Created build manager Perceptron (Perceptron_VECTIS_DFE_SIM Fri Jan 29 05:34:24 PST 2016). (05:34:24 29/01/16)
Fri 05:34: INFO    : Working in dir: /home/demo/Desktop/MaxCompiler-Builds/Perceptron_VECTIS_DFE_SIM
Fri 05:34: INFO    : Java class path (2 paths):
Fri 05:34: INFO    : 	/home/demo/workspace/Perceptron/EngineCode/bin
Fri 05:34: INFO    : 	/opt/maxeler/maxcompiler/lib/MaxCompiler.jar
Fri 05:34: INFO    : Java process started by 'main' method in class 'perceptron.PerceptronManager'.
Fri 05:34: INFO    : build.arbitrated_core_cache parameter is blank, not using core-cache
Fri 05:34: INFO    : Checking license files in directory: /opt/maxeler/maxcompiler/licenses
Fri 05:34: INFO    : All license signatures valid.
Fri 05:34: INFO    : Backing-up source-files (old source files in build directory will be removed first)...
Fri 05:34: INFO    : Source directories: /home/demo/workspace/Perceptron/EngineCode/src:
Fri 05:34: INFO    : Deleting directory: src
Fri 05:34: INFO    : Copying source-files took 59.1406 ms
Fri 05:34: PROGRESS: Instantiating manager
Fri 05:34: INFO    : Deleting /home/demo/Desktop/MaxCompiler-Builds/Perceptron_VECTIS_DFE_SIM/scratch/PerceptronKernel.graphs
Fri 05:34: PROGRESS: Instantiating kernel "PerceptronKernel"
Fri 05:34: PROGRESS: Compiling manager (CPU I/O Only)
Fri 05:34: INFO    : Manager Configuration:
Fri 05:34: INFO    : 	ManagerConfiguration.allowNonMultipleTransitions = false                                                         [Init: false]
Fri 05:34: INFO    : 	ManagerConfiguration.board = MAX3424A                                                                            [Init: null, init: MAX3424A]
Fri 05:34: INFO    : 	ManagerConfiguration.build.buildEffort = MEDIUM                                                                  [Init: MEDIUM]
Fri 05:34: INFO    : 	ManagerConfiguration.build.enableChipScopeInserter = false                                                       [Init: false]
Fri 05:34: INFO    : 	ManagerConfiguration.build.enableTimingAnalysis = true                                                           [Init: true]
Fri 05:34: INFO    : 	ManagerConfiguration.build.level = FULL_BUILD                                                                    [Init: FULL_BUILD]
Fri 05:34: INFO    : 	ManagerConfiguration.build.mpprContinueAfterMeetingTiming = false                                                [Init: false]
Fri 05:34: INFO    : 	ManagerConfiguration.build.mpprCtMax = 1                                                                         [Init: 1]
Fri 05:34: INFO    : 	ManagerConfiguration.build.mpprCtMin = 1                                                                         [Init: 1]
Fri 05:34: INFO    : 	ManagerConfiguration.build.mpprParallelism = 1                                                                   [Init: 1]
Fri 05:34: INFO    : 	ManagerConfiguration.build.mpprRetryMissesThrshld = 0                                                            [Init: 0]
Fri 05:34: INFO    : 	ManagerConfiguration.build.optGoal = BALANCED                                                                    [Init: BALANCED]
Fri 05:34: INFO    : 	ManagerConfiguration.build.physSynthAsyncPipelining = AUTO                                                       [Init: AUTO]
Fri 05:34: INFO    : 	ManagerConfiguration.build.physSynthCombLogic = AUTO                                                             [Init: AUTO]
Fri 05:34: INFO    : 	ManagerConfiguration.build.physSynthCombLogicForArea = AUTO                                                      [Init: AUTO]
Fri 05:34: INFO    : 	ManagerConfiguration.build.physSynthEffort = AUTO                                                                [Init: AUTO]
Fri 05:34: INFO    : 	ManagerConfiguration.build.physSynthRegDuplication = AUTO                                                        [Init: AUTO]
Fri 05:34: INFO    : 	ManagerConfiguration.build.physSynthRetiming = AUTO                                                              [Init: AUTO]
Fri 05:34: INFO    : 	ManagerConfiguration.build.physicalSynthesis = false                                                             [Init: false]
Fri 05:34: INFO    : 	ManagerConfiguration.buildTarget = DFE_SIM                                                                       [Init: null, init: DFE_SIM]
Fri 05:34: INFO    : 	ManagerConfiguration.debug.chipscopeCaptureDepth = 4096                                                          [Init: 4096]
Fri 05:34: INFO    : 	ManagerConfiguration.debug.fifoUnderOverFlowRegs = false                                                         [Init: false]
Fri 05:34: INFO    : 	ManagerConfiguration.debug.memCtlDebugRegs = true                                                                [Init: true]
Fri 05:34: INFO    : 	ManagerConfiguration.debug.memCtlExtraDebugRegs = false                                                          [Init: false]
Fri 05:34: INFO    : 	ManagerConfiguration.debug.memMarginingSupport = false                                                           [Init: false]
Fri 05:34: INFO    : 	ManagerConfiguration.debug.memPhyDebugRegister = NONE                                                            [Init: NONE]
Fri 05:34: INFO    : 	ManagerConfiguration.debug.memPllLockDebugRegs = true                                                            [Init: true]
Fri 05:34: INFO    : 	ManagerConfiguration.debug.streamStatus = false                                                                  [Init: false]
Fri 05:34: INFO    : 	ManagerConfiguration.debug.streamStatusChecksums = false                                                         [Init: false]
Fri 05:34: INFO    : 	ManagerConfiguration.dram.addressGeneratorsInSlowClock = false                                                   [Init: false]
Fri 05:34: INFO    : 	ManagerConfiguration.dram.arbitrationMode = ROUND_ROBIN                                                          [Init: ROUND_ROBIN]
Fri 05:34: INFO    : 	ManagerConfiguration.dram.burstSize = 8                                                                          [Init: 8]
Fri 05:34: INFO    : 	ManagerConfiguration.dram.cmdFifoInReg = false                                                                   [Init: false]
Fri 05:34: INFO    : 	ManagerConfiguration.dram.cmdFifoLutRam = false                                                                  [Init: false]
Fri 05:34: INFO    : 	ManagerConfiguration.dram.cmdFifoRegInRam = true                                                                 [Init: true]
Fri 05:34: INFO    : 	ManagerConfiguration.dram.cmdFifoSize = 31                                                                       [Init: 31]
Fri 05:34: INFO    : 	ManagerConfiguration.dram.commandEchoModeEnabled = false                                                         [Init: false]
Fri 05:34: INFO    : 	ManagerConfiguration.dram.commandEchoModeFifoDepth = 512                                                         [Init: 512]
Fri 05:34: INFO    : 	ManagerConfiguration.dram.commandEchoModeStreamAlmostEmptyLatency = 792                                          [Init: 792]
Fri 05:34: INFO    : 	ManagerConfiguration.dram.commandEchoModeStreamAlmostEmptyLatency = 8                                            [Init: 8]
Fri 05:34: INFO    : 	ManagerConfiguration.dram.commandEchoModeStreamStallLatency = 8                                                  [Init: 8]
Fri 05:34: INFO    : 	ManagerConfiguration.dram.dataFifoDepth = 512                                                                    [Init: 512]
Fri 05:34: INFO    : 	ManagerConfiguration.dram.dataFifoLutRam = false                                                                 [Init: false]
Fri 05:34: INFO    : 	ManagerConfiguration.dram.dataFifoWidth = 792                                                                    [Init: 792]
Fri 05:34: INFO    : 	ManagerConfiguration.dram.eccMode = false                                                                        [Init: false]
Fri 05:34: INFO    : 	ManagerConfiguration.dram.fabricDataFifoReg = true                                                               [Init: true]
Fri 05:34: INFO    : 	ManagerConfiguration.dram.fabricRdDataFifoReg = false                                                            [Init: false]
Fri 05:34: INFO    : 	ManagerConfiguration.dram.flagSupport = false                                                                    [Init: false]
Fri 05:34: INFO    : 	ManagerConfiguration.dram.highPrioStream = false                                                                 [Init: false]
Fri 05:34: INFO    : 	ManagerConfiguration.dram.max2CompatMode = false                                                                 [Init: false]
Fri 05:34: INFO    : 	ManagerConfiguration.dram.max4m_GALAVA_MCP_UseRefClk = false                                                     [Init: false]
Fri 05:34: INFO    : 	ManagerConfiguration.dram.max4m_MAIA_MCP_UseRefClk = false                                                       [Init: false]
Fri 05:34: INFO    : 	ManagerConfiguration.dram.max4qrateMode = false                                                                  [Init: false]
Fri 05:34: INFO    : 	ManagerConfiguration.dram.memCmdIncSize = 8                                                                      [Init: 8]
Fri 05:34: INFO    : 	ManagerConfiguration.dram.memCmdStartAddrSize = 32                                                               [Init: 32]
Fri 05:34: INFO    : 	ManagerConfiguration.dram.onCardMemFreq = 303.0                                                                  [Init: 0.0, change: 303.0]
Fri 05:34: INFO    : 	ManagerConfiguration.dram.parEccDebugStream = false                                                              [Init: false]
Fri 05:34: INFO    : 	ManagerConfiguration.dram.parityEccWidth = 0                                                                     [Init: 0]
Fri 05:34: INFO    : 	ManagerConfiguration.dram.parityMode = false                                                                     [Init: false]
Fri 05:34: INFO    : 	ManagerConfiguration.dram.perdqsPhaseDetect = false                                                              [Init: false]
Fri 05:34: INFO    : 	ManagerConfiguration.dram.performanceMode = true                                                                 [Init: true]
Fri 05:34: INFO    : 	ManagerConfiguration.enableMPCX = false                                                                          [Init: false, init: false]
Fri 05:34: INFO    : 	ManagerConfiguration.maxring.maxringConnections = []                                                             [Init: []]
Fri 05:34: INFO    : 	ManagerConfiguration.maxring.maxringNumLanes = {MAXRING_LITE_B=1, MAXRING_B=2, MAXRING_A=2, MAXRING_LITE_A=1}    [Init: {}]
Fri 05:34: INFO    : 	ManagerConfiguration.multiCycleMappedMemoryBus = false                                                           [Init: false]
Fri 05:34: INFO    : 	ManagerConfiguration.network.qsfp0Mode = QSFP_OFF                                                                [Init: QSFP_OFF]
Fri 05:34: INFO    : 	ManagerConfiguration.network.qsfp1Mode = QSFP_OFF                                                                [Init: QSFP_OFF]
Fri 05:34: INFO    : 	ManagerConfiguration.network.qsfp2Mode = QSFP_OFF                                                                [Init: QSFP_OFF]
Fri 05:34: INFO    : 	ManagerConfiguration.network.qsfp3Mode = QSFP_OFF                                                                [Init: QSFP_OFF]
Fri 05:34: INFO    : 	ManagerConfiguration.network.qsfp4Mode = QSFP_OFF                                                                [Init: QSFP_OFF]
Fri 05:34: INFO    : 	ManagerConfiguration.network.qsfp5Mode = QSFP_OFF                                                                [Init: QSFP_OFF]
Fri 05:34: INFO    : 	ManagerConfiguration.network.qsfp6Mode = QSFP_OFF                                                                [Init: QSFP_OFF]
Fri 05:34: INFO    : 	ManagerConfiguration.network.qsfp7Mode = QSFP_OFF                                                                [Init: QSFP_OFF]
Fri 05:34: INFO    : 	ManagerConfiguration.pcie.numPCIeLanes = 0                                                                       [Init: 0]
Fri 05:34: INFO    : 	ManagerConfiguration.pcie.pcieFastClock = false                                                                  [Init: false]
Fri 05:34: INFO    : 	ManagerConfiguration.pcie.streamFromHostMaxNum = 8                                                               [Init: 0, change: 8]
Fri 05:34: INFO    : 	ManagerConfiguration.pcie.streamToHostMaxNum = 8                                                                 [Init: 0, change: 8]
Fri 05:34: INFO    : 	ManagerConfiguration.persona.boardModel = MAX3424A                                                               [Init: null, change: MAX3424A]
Fri 05:34: INFO    : 	ManagerConfiguration.persona.ddr3Enable = false                                                                  [Init: false]
Fri 05:34: INFO    : 	ManagerConfiguration.persona.ddr3Frq = 303.0                                                                     [Init: 400.0, change: 303.0]
Fri 05:34: INFO    : 	ManagerConfiguration.persona.ddr3Qmode = false                                                                   [Init: false]
Fri 05:34: INFO    : 	ManagerConfiguration.persona.disableMultiplePersona = true                                                       [Init: true]
Fri 05:34: INFO    : 	ManagerConfiguration.persona.dynamic_scaling = false                                                             [Init: false]
Fri 05:34: INFO    : 	ManagerConfiguration.persona.enableCPLDOverrideOutpus = false                                                    [Init: false]
Fri 05:34: INFO    : 	ManagerConfiguration.persona.enableJDFEPTPTestLogic = false                                                      [Init: false]
Fri 05:34: INFO    : 	ManagerConfiguration.persona.maxRingLocal = false                                                                [Init: false]
Fri 05:34: INFO    : 	ManagerConfiguration.persona.maxRingOptical = false                                                              [Init: false]
Fri 05:34: INFO    : 	ManagerConfiguration.persona.maxringDataRate = 2500.0                                                            [Init: 2500.0]
Fri 05:34: INFO    : 	ManagerConfiguration.persona.maxringOpticalDataRate = 10000.0                                                    [Init: 10000.0]
Fri 05:34: INFO    : 	ManagerConfiguration.persona.mode = InitMode                                                                     [Init: InitMode]
Fri 05:34: INFO    : 	ManagerConfiguration.persona.networkPTP = OFF                                                                    [Init: OFF]
Fri 05:34: INFO    : 	ManagerConfiguration.persona.panMaxRingA = false                                                                 [Init: false]
Fri 05:34: INFO    : 	ManagerConfiguration.persona.panMaxRingB = false                                                                 [Init: false]
Fri 05:34: INFO    : 	ManagerConfiguration.persona.personaInterfaceVersion = 1                                                         [Init: 1]
Fri 05:34: INFO    : 	ManagerConfiguration.persona.qdr2Enable = false                                                                  [Init: false]
Fri 05:34: INFO    : 	ManagerConfiguration.persona.qdr2Frq = 550.0                                                                     [Init: 550.0]
Fri 05:34: INFO    : 	ManagerConfiguration.persona.streamClks = 1                                                                      [Init: 1]
Fri 05:34: INFO    : 	ManagerConfiguration.persona.streamFrq = [100.0]                                                                 [Init: [150.0], change: [100.0]]
Fri 05:34: INFO    : 	ManagerConfiguration.persona.streamPs = [0]                                                                      [Init: [0]]
Fri 05:34: INFO    : 	ManagerConfiguration.persona.usePCIeGen1 = false                                                                 [Init: false]
Fri 05:34: INFO    : 	ManagerConfiguration.simulation.nativeFloatingPoint = false                                                      [Init: false]
Fri 05:34: INFO    : 	ManagerConfiguration.streamClockFrq = 100                                                                        [Init: 100]
Fri 05:34: INFO    : 	ManagerConfiguration.useLegacyStreamFIFOs = false                                                                [Init: false]
Fri 05:34: INFO    : 
Fri 05:34: INFO    :  -- 
Fri 05:34: PROGRESS: 
Fri 05:34: PROGRESS: Compiling kernel "PerceptronKernel"
Fri 05:34: INFO    : Configuration:
Fri 05:34: INFO    : 	KernelConfiguration.additionalInputPipelining = 64                                          [Init: 64]
Fri 05:34: INFO    : 	KernelConfiguration.allowDSPCascading = true                                                [Init: true]
Fri 05:34: INFO    : 	KernelConfiguration.allowInputsOutputsBeforeFlushNode = false                               [Init: false]
Fri 05:34: INFO    : 	KernelConfiguration.allowZeroLatencyNodeHold = false                                        [Init: false]
Fri 05:34: INFO    : 	KernelConfiguration.board = MAX3424A                                                        [Init: MAX2116B, change: MAX3424A]
Fri 05:34: INFO    : 	KernelConfiguration.bramBitsThreshold = 2080                                                [Init: 2080]
Fri 05:34: INFO    : 	KernelConfiguration.buildTarget = MAXCOMPILERSIM_HOST_DRIVEN                                [Init: NONE, change: MAXCOMPILERSIM_HOST_DRIVEN]
Fri 05:34: INFO    : 	KernelConfiguration.cePipelining = 2                                                        [Init: 2]
Fri 05:34: INFO    : 	KernelConfiguration.clockPhaseBalanceThreshold = 0.1                                        [Init: 0.1]
Fri 05:34: INFO    : 	KernelConfiguration.clockPhasingRetries = 50                                                [Init: 50]
Fri 05:34: INFO    : 	KernelConfiguration.dumpNeighboursString =                                                  [Init: ]
Fri 05:34: INFO    : 	KernelConfiguration.enableCeReplication = true                                              [Init: true]
Fri 05:34: INFO    : 	KernelConfiguration.enableClockPhasePartitioning = false                                    [Init: false]
Fri 05:34: INFO    : 	KernelConfiguration.enableDebugIOControlRegs = true                                         [Init: true]
Fri 05:34: INFO    : 	KernelConfiguration.enableDummyBuild = false                                                [Init: false]
Fri 05:34: INFO    : 	KernelConfiguration.enableKernelProfiler = false                                            [Init: false]
Fri 05:34: INFO    : 	KernelConfiguration.enablePipelinedComputeController = false                                [Init: false]
Fri 05:34: INFO    : 	KernelConfiguration.enableShadowRegister = false                                            [Init: false]
Fri 05:34: INFO    : 	KernelConfiguration.enableSmartKernelControl = false                                        [Init: false]
Fri 05:34: INFO    : 	KernelConfiguration.fifoSrlRegisterStages = 1                                               [Init: 1]
Fri 05:34: INFO    : 	KernelConfiguration.flushOnInputDataCongtiguous = false                                     [Init: false]
Fri 05:34: INFO    : 	KernelConfiguration.hardwareDebugDepth = 512                                                [Init: 512]
Fri 05:34: INFO    : 	KernelConfiguration.hwHierarchyMode = UNSET                                                 [Init: UNSET]
Fri 05:34: INFO    : 	KernelConfiguration.latencyAnnotation = false                                               [Init: false]
Fri 05:34: INFO    : 	KernelConfiguration.latencyAnnotationIOs =                                                  [Init: null]
Fri 05:34: INFO    : 	KernelConfiguration.maxCoalescedFifoWidth = 2147483647                                      [Init: 2147483647]
Fri 05:34: INFO    : 	KernelConfiguration.maxPreAdderFanOut = 1                                                   [Init: 1]
Fri 05:34: INFO    : 	KernelConfiguration.netlistMode = false                                                     [Init: false]
Fri 05:34: INFO    : 	KernelConfiguration.numPhotonStateMachines = 1                                              [Init: 1]
Fri 05:34: INFO    : 	KernelConfiguration.optimizations.ceCounterRegisterDuplication = 1                          [Init: 1]
Fri 05:34: INFO    : 	KernelConfiguration.optimizations.conditionalArithmetic = false                             [Init: true, Init after BuildTarget change: false]
Fri 05:34: INFO    : 	KernelConfiguration.optimizations.counterChainWrapPipelining = 0                            [Init: 0]
Fri 05:34: INFO    : 	KernelConfiguration.optimizations.dspAddChain = OPTIMISE_IGNORE_PREADDER                    [Init: null, Init after BuildTarget change: OPTIMISE_IGNORE_PREADDER]
Fri 05:34: INFO    : 	KernelConfiguration.optimizations.enableActiveFanoutReduction = false                       [Init: false]
Fri 05:34: INFO    : 	KernelConfiguration.optimizations.enableBUFGCE = false                                      [Init: false]
Fri 05:34: INFO    : 	KernelConfiguration.optimizations.enableBetterInputRegistering = false                      [Init: false]
Fri 05:34: INFO    : 	KernelConfiguration.optimizations.enableBetterRegistering = false                           [Init: false]
Fri 05:34: INFO    : 	KernelConfiguration.optimizations.enableFIFOCoalescingAcrossPlacementConstraints = false    [Init: false]
Fri 05:34: INFO    : 	KernelConfiguration.optimizations.enableFifoCoalescing = true                               [Init: true]
Fri 05:34: INFO    : 	KernelConfiguration.optimizations.enableFullPrecisionBinaryOpConstants = false              [Init: false]
Fri 05:34: INFO    : 	KernelConfiguration.optimizations.enableIntegratedRounding = false                          [Init: false]
Fri 05:34: INFO    : 	KernelConfiguration.optimizations.enableMappedMemoryHostReadBack = true                     [Init: true]
Fri 05:34: INFO    : 	KernelConfiguration.optimizations.enableMultiCycleReset = false                             [Init: false]
Fri 05:34: INFO    : 	KernelConfiguration.optimizations.enablePowerTwoFloatMult = true                            [Init: true]
Fri 05:34: INFO    : 	KernelConfiguration.optimizations.enableRedundantNodeDeletion = true                        [Init: true]
Fri 05:34: INFO    : 	KernelConfiguration.optimizations.enableStateMachineRegisterMerging = true                  [Init: true]
Fri 05:34: INFO    : 	KernelConfiguration.optimizations.inputFlushDistanceFactor = 0                              [Init: 0]
Fri 05:34: INFO    : 	KernelConfiguration.optimizations.minimumStaticFIFOSplitDepth = 1                           [Init: 1]
Fri 05:34: INFO    : 	KernelConfiguration.optimizations.optimizationTechnique = DEFAULT                           [Init: DEFAULT]
Fri 05:34: INFO    : 	KernelConfiguration.optimizations.triAdd = false                                            [Init: true, Init after BuildTarget change: false]
Fri 05:34: INFO    : 	KernelConfiguration.partialReconfBlockName =                                                [Init: ]
Fri 05:34: INFO    : 	KernelConfiguration.partialReconfMode = false                                               [Init: false]
Fri 05:34: INFO    : 	KernelConfiguration.partialReconfTemplate = false                                           [Init: false]
Fri 05:34: INFO    : 	KernelConfiguration.replicateNodeCeLog2NumPartitions = 0                                    [Init: 0]
Fri 05:34: INFO    : 	KernelConfiguration.romBRAMBitsThreshold = 2080                                             [Init: 2080]
Fri 05:34: INFO    : 	KernelConfiguration.simulation.ramAddressCollisionBehaviour = EXCEPTION                     [Init: EXCEPTION]
Fri 05:34: INFO    : 	KernelConfiguration.simulation.ramOutOfBoundsAccessBehaviour = EXCEPTION                    [Init: EXCEPTION]
Fri 05:34: INFO    : 	KernelConfiguration.simulation.simProgressMessageFrequency = 0                              [Init: 0]
Fri 05:34: INFO    : 
Fri 05:34: INFO    :  -- 
Fri 05:34: INFO    : Writing current graph to: Perceptron-PerceptronKernel-original.pxg
Fri 05:34: INFO    : Running kernel graph-pass 'GeneratePXG'.
Fri 05:34: INFO    : Graph-pass 'GeneratePXG' took 434.236 ms (1 iterations)
Fri 05:34: INFO    : Running kernel graph-pass 'MarkConstantPass'.
Fri 05:34: INFO    : Graph-pass 'MarkConstantPass' took 10.5653 ms (1 iterations)
Fri 05:34: INFO    : Running kernel graph-pass 'ReachabilityPass'.
Fri 05:34: INFO    : Graph-pass 'ReachabilityPass' took 24.7955 ms (1 iterations)
Fri 05:34: INFO    : Running kernel graph-pass 'FindInputsLeadingToFlush'.
Fri 05:34: INFO    : Graph-pass 'FindInputsLeadingToFlush' took 109.201 µs (1 iterations)
Fri 05:34: INFO    : Running kernel graph-pass 'CheckForStatefulToFlushViolations'.
Fri 05:34: INFO    : Graph-pass 'CheckForStatefulToFlushViolations' took 254.488 µs (1 iterations)
Fri 05:34: INFO    : Running kernel graph-pass 'CheckForInputToFlushViolations'.
Fri 05:34: INFO    : Graph-pass 'CheckForInputToFlushViolations' took 2.49162 ms (1 iterations)
Fri 05:34: INFO    : Deleting directory: neighbours
Fri 05:34: INFO    : Running Photon pre-schedule graph optimisations
Fri 05:34: INFO    : Running kernel graph-pass 'AlignOrEradicatePrintfs'.
Fri 05:34: INFO    : Graph-pass 'AlignOrEradicatePrintfs' took 164.438 µs (1 iterations)
Fri 05:34: INFO    : Running kernel graph-pass 'FoldConstantsPass'.
Fri 05:34: INFO    : Graph-pass 'FoldConstantsPass' took 772.811 µs (1 iterations)
Fri 05:34: INFO    : Running kernel graph-pass 'OptimiseNodesPass'.
Fri 05:34: INFO    : Graph-pass 'OptimiseNodesPass' took 22.6048 ms (2 iterations)
Fri 05:34: INFO    : Running kernel graph-pass 'DeleteRedundantNodes'.
Fri 05:34: INFO    : Graph-pass 'DeleteRedundantNodes' took 7.32162 ms (2 iterations)
Fri 05:34: INFO    : Running kernel graph-pass 'DSPMultiplyAddExtractionPass'.
Fri 05:34: INFO    : Optimized 0 sub-graphs into DSP multiply/add chains (Virtex5 mode).
Fri 05:34: INFO    : Graph-pass 'DSPMultiplyAddExtractionPass' took 118.197 ms (1 iterations)
Fri 05:34: INFO    : Running kernel graph-pass 'PO2FPMultOptimiser'.
Fri 05:34: INFO    : Graph-pass 'PO2FPMultOptimiser' took 203.419 ms (2 iterations)
Fri 05:34: INFO    : Running Photon simulation preparation
Fri 05:34: INFO    : Running kernel graph-pass 'PrepareSimulationPass'.
Fri 05:34: INFO    : Graph-pass 'PrepareSimulationPass' took 160.917 µs (1 iterations)
Fri 05:34: INFO    : Logging Photon stats to: PerceptronKernel_photon_stats.csv
Fri 05:34: INFO    : Deleting /home/demo/Desktop/MaxCompiler-Builds/Perceptron_VECTIS_DFE_SIM/scratch/PerceptronKernel_photon_stats.csv
Fri 05:34: INFO    : Running kernel graph-pass 'StatsPass'.
Fri 05:34: INFO    : Graph-pass 'StatsPass' took 15.8123 ms (1 iterations)
Fri 05:34: INFO    : Running kernel graph-pass 'CollectNumericExceptions'.
Fri 05:34: INFO    : Graph-pass 'CollectNumericExceptions' took 23.2667 ms (1 iterations)
Fri 05:34: INFO    : Running kernel graph-pass 'StreamOffsetDivExpand'.
Fri 05:34: INFO    : Graph-pass 'StreamOffsetDivExpand' took 122.920 µs (1 iterations)
Fri 05:34: INFO    : Running kernel graph-pass 'FindIllegalLoops'.
Fri 05:34: INFO    : Graph-pass 'FindIllegalLoops' took 10.8658 ms (1 iterations)
Fri 05:34: INFO    : Running kernel graph-pass 'MarkConstantPass'.
Fri 05:34: INFO    : Graph-pass 'MarkConstantPass' took 616.288 µs (1 iterations)
Fri 05:34: INFO    : Running kernel graph-pass 'ScheduleVariables'.
Fri 05:34: INFO    : Graph-pass 'ScheduleVariables' took 28.0448 ms (1 iterations)
Fri 05:34: INFO    : Running kernel graph-pass 'SubstituteEqPlaceholders'.
Fri 05:34: INFO    : Graph-pass 'SubstituteEqPlaceholders' took 49.7589 ms (1 iterations)
Fri 05:34: INFO    : Running kernel graph-pass 'ScheduleApplier'.
Fri 05:34: INFO    : Graph-pass 'ScheduleApplier' took 2.36372 ms (1 iterations)
Fri 05:34: INFO    : Running kernel graph-pass 'MarkConstantPass'.
Fri 05:34: INFO    : Graph-pass 'MarkConstantPass' took 423.270 µs (1 iterations)
Fri 05:34: INFO    : Running kernel graph-pass 'ScheduleDumper'.
Fri 05:34: INFO    : Graph-pass 'ScheduleDumper' took 5.32825 ms (1 iterations)
Fri 05:34: INFO    : Running Photon post-schedule graph optimisations (pass 1)
Fri 05:34: INFO    : Running kernel graph-pass 'TapFIFOsPass'.
Fri 05:34: INFO    : Graph-pass 'TapFIFOsPass' took 21.9064 ms (1 iterations)
Fri 05:34: INFO    : Running kernel graph-pass 'FoldFIFOsPass'.
Fri 05:34: INFO    : Graph-pass 'FoldFIFOsPass' took 492.876 µs (1 iterations)
Fri 05:34: INFO    : Running kernel graph-pass 'MarkConstantPass'.
Fri 05:34: INFO    : Graph-pass 'MarkConstantPass' took 387.725 µs (1 iterations)
Fri 05:34: INFO    : Running kernel graph-pass 'ValidateFIFOs'.
Fri 05:34: INFO    : Graph-pass 'ValidateFIFOs' took 194.902 µs (1 iterations)
Fri 05:34: INFO    : Running kernel graph-pass 'MarkConstantPass'.
Fri 05:34: INFO    : Graph-pass 'MarkConstantPass' took 9.09393 ms (1 iterations)
Fri 05:34: INFO    : Running kernel graph-pass 'ScheduleDumper'.
Fri 05:34: INFO    : Graph-pass 'ScheduleDumper' took 3.03408 ms (1 iterations)
Fri 05:34: INFO    : Running kernel graph-pass 'MarkConstantPass'.
Fri 05:34: INFO    : Graph-pass 'MarkConstantPass' took 2.25721 ms (1 iterations)
Fri 05:34: INFO    : Running kernel graph-pass 'ScheduleConstants'.
Fri 05:34: INFO    : Running command: "/opt/maxeler/maxcompiler/bin/cbc" "PerceptronKernel_schedule_C.mps.gz" -solve  -printi csv -solu "PerceptronKernel_schedule_C.csv" > "PerceptronKernel_schedule_C.stdout.log"
Fri 05:34: INFO    : Checking for file hash changes...
Fri 05:34: INFO    : No changes.
Fri 05:34: INFO    : Optimum found: 182
Fri 05:34: INFO    : Graph-pass 'ScheduleConstants' took 771.359 ms (1 iterations)
Fri 05:34: INFO    : Running kernel graph-pass 'MarkConstantPass'.
Fri 05:34: INFO    : Graph-pass 'MarkConstantPass' took 419.067 µs (1 iterations)
Fri 05:34: INFO    : Running kernel graph-pass 'ScheduleDumper'.
Fri 05:34: INFO    : Graph-pass 'ScheduleDumper' took 23.7337 ms (1 iterations)
Fri 05:34: INFO    : Running kernel graph-pass 'SubstituteEqPlaceholders'.
Fri 05:34: INFO    : OffsetAutoLoop sizes:
Fri 05:34: INFO    :   loopLength = 13
Fri 05:34: INFO    : Graph-pass 'SubstituteEqPlaceholders' took 55.5123 ms (1 iterations)
Fri 05:34: INFO    : Running kernel graph-pass 'RemoveDistMeasurementNodes'.
Fri 05:34: INFO    : Graph-pass 'RemoveDistMeasurementNodes' took 18.7610 µs (1 iterations)
Fri 05:34: INFO    : Running kernel graph-pass 'ScheduleApplier'.
Fri 05:34: INFO    : Graph-pass 'ScheduleApplier' took 83.1121 ms (1 iterations)
Fri 05:34: INFO    : Maximum stream latency for kernel 'PerceptronKernel': 43
Fri 05:34: INFO    : Using user logic for flush.
Fri 05:34: INFO    : Running Photon post-schedule graph optimisations (pass 2)
Fri 05:34: INFO    : Running kernel graph-pass 'TapFIFOsPass'.
Fri 05:34: INFO    : Graph-pass 'TapFIFOsPass' took 8.70267 ms (1 iterations)
Fri 05:34: INFO    : Running kernel graph-pass 'FoldFIFOsPass'.
Fri 05:34: INFO    : Graph-pass 'FoldFIFOsPass' took 684.998 µs (1 iterations)
Fri 05:34: INFO    : Running kernel graph-pass 'MarkConstantPass'.
Fri 05:34: INFO    : Graph-pass 'MarkConstantPass' took 5.02996 ms (1 iterations)
Fri 05:34: INFO    : Running kernel graph-pass 'ScheduleAsserter'.
Fri 05:34: INFO    : Graph-pass 'ScheduleAsserter' took 6.47840 ms (1 iterations)
Fri 05:34: INFO    : Running kernel graph-pass 'ReplaceEvalStreamOffsetNodes'.
Fri 05:34: INFO    : Graph-pass 'ReplaceEvalStreamOffsetNodes' took 127.648 ms (1 iterations)
Fri 05:34: INFO    : Running kernel graph-pass 'FIFOReport'.
Fri 05:34: INFO    : Graph-pass 'FIFOReport' took 19.9249 ms (1 iterations)
Fri 05:34: INFO    : Running kernel graph-pass 'StatsPass'.
Fri 05:34: INFO    : Graph-pass 'StatsPass' took 4.28449 ms (1 iterations)
Fri 05:34: INFO    : Running kernel graph-pass 'RemoveUntypedConstants'.
Fri 05:34: INFO    : Graph-pass 'RemoveUntypedConstants' took 112.712 ms (1 iterations)
Fri 05:34: INFO    : Running kernel graph-pass 'VariableSizeMappedRegInserter'.
Fri 05:34: INFO    : Graph-pass 'VariableSizeMappedRegInserter' took 270.344 µs (1 iterations)
Fri 05:34: INFO    : Running kernel graph-pass 'MarkConstantPass'.
Fri 05:34: INFO    : Graph-pass 'MarkConstantPass' took 296.899 µs (1 iterations)
Fri 05:34: INFO    : Running kernel graph-pass 'MakeMaxFileNodeData'.
Fri 05:34: INFO    : Graph-pass 'MakeMaxFileNodeData' took 18.1178 ms (1 iterations)
Fri 05:34: INFO    : Running kernel graph-pass 'MoveFanoutRegsForwards'.
Fri 05:34: INFO    : Graph-pass 'MoveFanoutRegsForwards' took 282.993 µs (1 iterations)
Fri 05:34: INFO    : Optimization report for Kernel 'PerceptronKernel'.
Fri 05:34: INFO    : Enabled optimizations:
Fri 05:34: INFO    : 	DSP-Multiplication
Fri 05:34: INFO    : 	Power-of-2 Floating Point
Fri 05:34: INFO    : Creating a preliminary MaxCompilerDesignData.dat. (@ CoreCompile PerceptronKernel)
Fri 05:34: INFO    : Deleting /home/demo/Desktop/MaxCompiler-Builds/Perceptron_VECTIS_DFE_SIM/scratch/MaxCompilerDesignData.dat
Fri 05:34: INFO    : Total compilation of 'PerceptronKernel' took 3.58996 s.
Fri 05:34: INFO    : Running kernel graph-pass 'MarkConstantPass'.
Fri 05:34: INFO    : Graph-pass 'MarkConstantPass' took 348.752 µs (1 iterations)
Fri 05:34: INFO    : Running kernel graph-pass 'MaxConstantLatency'.
Fri 05:34: INFO    : Graph-pass 'MaxConstantLatency' took 612.376 µs (1 iterations)
Fri 05:34: INFO    : Running kernel graph-pass 'SimCodeGraphPass'.
Fri 05:34: INFO    : Graph-pass 'SimCodeGraphPass' took 21.8337 ms (1 iterations)
Fri 05:34: INFO    : Writing current graph to: Perceptron-PerceptronKernel-final-simulation.pxg
Fri 05:34: INFO    : Running kernel graph-pass 'GeneratePXG'.
Fri 05:34: INFO    : Graph-pass 'GeneratePXG' took 115.400 ms (1 iterations)
Fri 05:34: INFO    : Deleting /home/demo/Desktop/MaxCompiler-Builds/Perceptron_VECTIS_DFE_SIM/scratch/Manager_Perceptron.graphs
Fri 05:34: INFO    : Running manager compiler graph-pass: GenerateMXGInfo
Fri 05:34: INFO    : Running manager compiler graph-pass: ScheduleStallLatency
Fri 05:34: INFO    : Running manager compiler graph-pass: ClockWidthAssignment
Fri 05:34: INFO    : Running manager compiler graph-pass: InsertDualAspectLogic
Fri 05:34: INFO    : Running manager compiler graph-pass: ClockWidthAssignment
Fri 05:34: INFO    : Running manager compiler graph-pass: InsertPullPushAdapter
Fri 05:34: INFO    : Running manager compiler graph-pass: ClockWidthAssignment
Fri 05:34: INFO    : Running manager compiler graph-pass: InsertStreamFifos
Fri 05:34: INFO    : Running manager compiler graph-pass: ClockWidthAssignment
Fri 05:34: INFO    : Running manager compiler graph-pass: InsertStreamStatus
Fri 05:34: INFO    : Running manager compiler graph-pass: InsertChipscope
Fri 05:34: INFO    : Inserted 0 chipscope manager nodes.
Fri 05:34: INFO    : Running manager compiler graph-pass: ClockWidthAssignment
Fri 05:34: INFO    : Running manager compiler graph-pass: ReportClockAssignments
Fri 05:34: INFO    : Running manager compiler graph-pass: BuildSoftwareSim
Fri 05:34: INFO    : Mapped register report:
Fri 05:34: INFO    : 	0	points	4bytes
Fri 05:34: INFO    : 	4	io_cls_force_disabled	1bytes
Fri 05:34: INFO    : 	5	io_x1_force_disabled	1bytes
Fri 05:34: INFO    : 	6	io_x2_force_disabled	1bytes
Fri 05:34: INFO    : 	7	io_y_force_disabled	1bytes
Fri 05:34: INFO    : 	8	io_w0_force_disabled	1bytes
Fri 05:34: INFO    : 	9	io_w1_force_disabled	1bytes
Fri 05:34: INFO    : 	a	io_w2_force_disabled	1bytes
Fri 05:34: INFO    : 	b	run_cycle_count	6bytes
Fri 05:34: INFO    : 	11	current_run_cycle_count	6bytes
Fri 05:34: INFO    : 	17	dbg_ctld_almost_empty	1bytes
Fri 05:34: INFO    : 	18	dbg_ctld_done	1bytes
Fri 05:34: INFO    : 	19	dbg_ctld_empty	1bytes
Fri 05:34: INFO    : 	1a	dbg_ctld_read	1bytes
Fri 05:34: INFO    : 	1b	dbg_ctld_read_pipe_dbg	2bytes
Fri 05:34: INFO    : 	1d	dbg_ctld_request	1bytes
Fri 05:34: INFO    : 	1e	dbg_done_out	1bytes
Fri 05:34: INFO    : 	1f	dbg_fill_level	1bytes
Fri 05:34: INFO    : 	20	dbg_flush_level	1bytes
Fri 05:34: INFO    : 	21	dbg_flush_start	1bytes
Fri 05:34: INFO    : 	22	dbg_flush_start_level	1bytes
Fri 05:34: INFO    : 	23	dbg_flushing	1bytes
Fri 05:34: INFO    : 	24	dbg_full_level	1bytes
Fri 05:34: INFO    : 	25	dbg_out_stall	1bytes
Fri 05:34: INFO    : 	26	dbg_out_valid	1bytes
Fri 05:34: INFO    : 	27	dbg_stall_vector	1bytes
Fri 05:34: INFO    : 	28	ifpga_ctrl	1bytes
Fri 05:34: INFO    : 	29	SFA_FORWARD_EN	4bytes
Fri 05:34: INFO    : Mapped register chain length = 45
Fri 05:34: INFO    : Mapped register efficiency = 0.68 (243 / 360 bits)
Fri 05:34: INFO    : Mapped memory report:
Fri 05:34: INFO    : 	No mapped memories in this design.
Fri 05:34: INFO    : Running manager compiler graph-pass: GenerateMXGInfo
Fri 05:34: INFO    : Running manager compiler graph-pass: GenerateSlicHostCode
Fri 05:34: INFO    : Generating SLIC interface information
Fri 05:34: INFO    : Generating SLIC code for interface 'default'
Fri 05:34: INFO    : Skipping blacklisted scalar parameter 'PerceptronKernel.current_run_cycle_count'
Fri 05:34: INFO    : Interface 'default' depends on parameter 'points'
Fri 05:34: INFO    : Interface 'default' depends on parameter 'PerceptronKernel_loopLength'
Fri 05:34: INFO    : Generating XML description for Maxfile
Fri 05:34: INFO    : Generating XML description for mode 'default'
Fri 05:34: INFO    : Skipping blacklisted scalar parameter 'PerceptronKernel.current_run_cycle_count'
Fri 05:34: INFO    : Interface 'default' depends on parameter 'points'
Fri 05:34: INFO    : Interface 'default' depends on parameter 'PerceptronKernel_loopLength'
Fri 05:34: INFO    : Adding SLIC sections to the maxfile
Fri 05:34: INFO    : Adding user files to the maxfile
Fri 05:34: INFO    : Generating SLIC include file
Fri 05:34: INFO    : Done generating SLIC interface information
Fri 05:34: PROGRESS: Running back-end simulation build (3 phases)
Fri 05:34: PROGRESS: (1/3) - Prepare MaxFile Data (GenerateMaxFileDataFile)
Fri 05:34: INFO    : Build pass 'GenerateMaxFileDataFile' took 80.7561 ms.
Fri 05:34: PROGRESS: (2/3) - Compile Simulation Modules (SimCompilePass)
Fri 05:34: INFO    : Running command: make -j1
Fri 05:34: INFO    : Checking for file hash changes...
Fri 05:34: INFO    : Hash changed for file: '../../MaxCompilerDesignData.dat'
Fri 05:34: INFO    : /opt/maxeler/maxcompiler/lib/clang/bin/start.sh clang++ -c -fPIC -B/opt/maxeler/maxcompiler/lib/gcc -fbracket-depth=1024 -D_GLIBCXX__PTHREADS -D__USE_XOPEN2K8 -O3  -I. -I/opt/maxeler/maxcompiler/lib/boost/include -I/opt/maxeler/maxcompiler/lib/maxeleros-sim/include -I/opt/maxeler/maxcompiler/lib/lwip_sim -I/opt/maxeler/maxcompiler/lib/lwip_sim/include -I/opt/maxeler/maxcompiler/lib/lwip_sim/include/arch -I/opt/maxeler/maxcompiler/lib/lwip_sim/include/ipv4  -DHAVE_KERNELS -DMAXFILE_INC="../../MaxCompilerDesignData.dat" -g0  -DSLIC_NO_DECLARATIONS   -O0 -DOPTIMIZATION_LEVEL=0 -x c++-header \
Fri 05:34: INFO    : 		-o stdsimheader.h.gch/O0_stdsimheader.h.gch stdsimheader.h
Fri 05:34: INFO    : /opt/maxeler/maxcompiler/lib/clang/bin/start.sh clang++ -c -fPIC -B/opt/maxeler/maxcompiler/lib/gcc -fbracket-depth=1024 -D_GLIBCXX__PTHREADS -D__USE_XOPEN2K8 -O3  -I. -I/opt/maxeler/maxcompiler/lib/boost/include -I/opt/maxeler/maxcompiler/lib/maxeleros-sim/include -I/opt/maxeler/maxcompiler/lib/lwip_sim -I/opt/maxeler/maxcompiler/lib/lwip_sim/include -I/opt/maxeler/maxcompiler/lib/lwip_sim/include/arch -I/opt/maxeler/maxcompiler/lib/lwip_sim/include/ipv4  -DHAVE_KERNELS -DMAXFILE_INC="../../MaxCompilerDesignData.dat" -g0  -DSLIC_NO_DECLARATIONS   -fno-implicit-templates -O2 -DOPTIMIZATION_LEVEL=2 -x c++-header \
Fri 05:34: INFO    : 		-o stdsimheader.h.gch/NoTplInst_O2_stdsimheader.h.gch stdsimheader.h
Fri 05:35: INFO    : make Perceptron.so
Fri 05:35: INFO    : make[1]: Entering directory `/home/demo/Desktop/MaxCompiler-Builds/Perceptron_VECTIS_DFE_SIM/scratch/software-sim/build'
Fri 05:35: INFO    : /opt/maxeler/maxcompiler/lib/clang/bin/start.sh clang++ -c -fPIC -B/opt/maxeler/maxcompiler/lib/gcc -fbracket-depth=1024 -D_GLIBCXX__PTHREADS -D__USE_XOPEN2K8 -O3  -I. -I/opt/maxeler/maxcompiler/lib/boost/include -I/opt/maxeler/maxcompiler/lib/maxeleros-sim/include -I/opt/maxeler/maxcompiler/lib/lwip_sim -I/opt/maxeler/maxcompiler/lib/lwip_sim/include -I/opt/maxeler/maxcompiler/lib/lwip_sim/include/arch -I/opt/maxeler/maxcompiler/lib/lwip_sim/include/ipv4  -DHAVE_KERNELS -DMAXFILE_INC="../../MaxCompilerDesignData.dat" -g0  -DSLIC_NO_DECLARATIONS   -include-pch stdsimheader.h.gch -O0 -DOPTIMIZATION_LEVEL=0 -o objdir/max_msi.O0.o max_msi.cpp
Fri 05:35: INFO    : In file included from max_msi.cpp:19:
Fri 05:35: INFO    : /home/demo/Desktop/MaxCompiler-Builds/Perceptron_VECTIS_DFE_SIM/scratch/software-sim/build/MaxFile.h:4:9: warning: '_QUOTE' macro redefined [-Wmacro-redefined]
Fri 05:35: INFO    : #define _QUOTE(what) #what
Fri 05:35: INFO    :         ^
Fri 05:35: INFO    : /opt/maxeler/maxcompiler/lib/maxeleros-sim/include/maxrt_error.h:87:9: note: previous definition is here
Fri 05:35: INFO    : #define _QUOTE(x) #x
Fri 05:35: INFO    :         ^
Fri 05:35: INFO    : 1 warning generated.
Fri 05:35: INFO    : /opt/maxeler/maxcompiler/lib/clang/bin/start.sh clang++ -fPIC -B/opt/maxeler/maxcompiler/lib/gcc -fbracket-depth=1024 -D_GLIBCXX__PTHREADS -D__USE_XOPEN2K8 -O3  -I. -I/opt/maxeler/maxcompiler/lib/boost/include -I/opt/maxeler/maxcompiler/lib/maxeleros-sim/include -I/opt/maxeler/maxcompiler/lib/lwip_sim -I/opt/maxeler/maxcompiler/lib/lwip_sim/include -I/opt/maxeler/maxcompiler/lib/lwip_sim/include/arch -I/opt/maxeler/maxcompiler/lib/lwip_sim/include/ipv4  -DHAVE_KERNELS -DMAXFILE_INC="../../MaxCompilerDesignData.dat" -g0  -DSLIC_NO_DECLARATIONS   -MM -MP -MT objdir/max_msi.O0.o \
Fri 05:35: INFO    : 		max_msi.cpp > objdir/max_msi.O0.d
Fri 05:35: INFO    : /opt/maxeler/maxcompiler/lib/clang/bin/start.sh clang++ -fPIC -shared -B/opt/maxeler/maxcompiler/lib/gcc -L/opt/maxeler/maxcompiler/lib/boost/lib -lboost_thread -lboost_system -lboost_filesystem -lrt -pthread -O2 -s  -o Perceptron.so objdir/PerceptronKernel_exec0.NoTplInst.O2.o objdir/PerceptronKernel.O0.o objdir/PerceptronKernel_Templates.O2.o objdir/max_msi.O0.o StructToGroupDummy.o Mux.o DualAspectMux.o Demux.o Fanout.o CapRegs.o IFPGARegs.o ChecksumMem.o PCIe.o KernelManagerBlockSync.o DualAspectReg.o PullPushAdapter.o FilePullSource.o max_shared_fifo.o SharedFIFO.o Fifos.o FilePushSink.o SimTerminator.o Watch.o StreamStatus.o RunLengthExpander.o ManagerBlock.o MappedElements.o ManagerSync.o PullSync.o PushSync.o DynamicVarUInt.o SimException.o DebugStreams.o AddressGenerator.o MemoryControllerPro.o MemoryControllerRAM.o MemoryControllerCommand.o MemoryControllerStreams.o MemoryControllerConfig.o TCP.o Ethernet.o Timestamp.o /opt/maxeler/maxcompiler/lib/lwip_sim/lib/liblwip.a
Fri 05:35: INFO    : make[1]: Leaving directory `/home/demo/Desktop/MaxCompiler-Builds/Perceptron_VECTIS_DFE_SIM/scratch/software-sim/build'
Fri 05:35: INFO    : Build pass 'SimCompilePass' took 38.4567 s.
Fri 05:35: PROGRESS: (3/3) - Generate MaxFile (AddSimObjectToMaxFilePass)
Fri 05:35: INFO    : Build pass 'AddSimObjectToMaxFilePass' took 7.93366 s.
Fri 05:35: INFO    : Final result files after build: 
Fri 05:35: INFO    : Running command: ln -sf "../scratch/Perceptron-PerceptronKernel-original.pxg"
Fri 05:35: INFO    : Perceptron-PerceptronKernel-original.pxg (BuildFilePXG)
Fri 05:35: INFO    : Running command: ln -sf "../scratch/PerceptronKernel_Configuration.txt"
Fri 05:35: INFO    : PerceptronKernel_Configuration.txt (BuildFile)
Fri 05:35: INFO    : Running command: ln -sf "../scratch/PerceptronKernel_NodeDiary.txt"
Fri 05:35: INFO    : PerceptronKernel_NodeDiary.txt (BuildFile)
Fri 05:35: INFO    : Running command: ln -sf "../scratch/Perceptron-PerceptronKernel-final-simulation.pxg"
Fri 05:35: INFO    : Perceptron-PerceptronKernel-final-simulation.pxg (BuildFilePXG)
Fri 05:35: INFO    : Running command: ln -sf "../scratch/Perceptron.xml"
Fri 05:35: INFO    : Perceptron.xml (BuildFile)
Fri 05:35: INFO    : Running command: ln -sf "../scratch/Perceptron.h"
Fri 05:35: INFO    : Perceptron.h (BuildFileSlicH)
Fri 05:35: INFO    : Running command: ln -sf "../scratch/Perceptron.max"
Fri 05:35: INFO    : Perceptron.max (BuildFileMaxFile)
Fri 05:35: INFO    : Result files will be copied to '/home/demo/workspace/Perceptron/RunRules/Simulation/maxfiles'
Fri 05:35: INFO    : Result 'Perceptron-PerceptronKernel-original.pxg' is identical to '/home/demo/workspace/Perceptron/RunRules/Simulation/maxfiles/Perceptron-PerceptronKernel-original.pxg': not overwriting.
Fri 05:35: INFO    : Result 'Perceptron-PerceptronKernel-final-simulation.pxg' is identical to '/home/demo/workspace/Perceptron/RunRules/Simulation/maxfiles/Perceptron-PerceptronKernel-final-simulation.pxg': not overwriting.
Fri 05:35: INFO    : Result 'Perceptron.h' is identical to '/home/demo/workspace/Perceptron/RunRules/Simulation/maxfiles/Perceptron.h': not overwriting.
Fri 05:35: INFO    : Result 'Perceptron.max' is identical to '/home/demo/workspace/Perceptron/RunRules/Simulation/maxfiles/Perceptron.max': not overwriting.
Fri 05:35: PROGRESS: MaxFile: /home/demo/Desktop/MaxCompiler-Builds/Perceptron_VECTIS_DFE_SIM/results/Perceptron.max (MD5Sum: c1040db34c1db4bc48570a995f5e0938)
Fri 05:35: INFO    : Waiting for any outstanding jobs to finish... 
Fri 05:35: PROGRESS: Build completed: Fri Jan 29 05:35:20 PST 2016 (took 55 secs)
